<?xml version="1.0" encoding="UTF-8"?>
<!-- Generated by org.testng.reporters.JUnitReportReporter -->
<testsuite hostname="DESKTOP-VSODO1F" failures="0" tests="1" name="testMaven.FirstMaven" time="31.434" errors="0" timestamp="2023-07-01T12:52:19 IST" skipped="0">
  <testcase classname="testMaven.FirstMaven" name="f" time="31.434"/>
</testsuite> <!-- testMaven.FirstMaven -->
