<?xml version="1.0" encoding="UTF-8"?>
<!-- Generated by org.testng.reporters.JUnitReportReporter -->
<testsuite hostname="DESKTOP-VSODO1F" failures="0" tests="1" name="test.ValidatePolicyUserName" time="69.391" errors="0" timestamp="2023-07-09T10:43:17 IST" skipped="0">
  <testcase classname="test.ValidatePolicyUserName" name="validateUserName" time="69.391">
    <system-out>
      <![CDATA[Test validateUserName execution starting
Reading data from excel0and cell num2
Waiting for3000millisec.
Getting actual username
Waiting for4000millisec.
Screenshot is stored in location :C:\Users\Narayan\eclipse-workspace\MavenProject\Screenshot\Neha Narayan Sawant PB_TC100.png
Waiting for3000millisec.
This validateUserName method is successfull]]>
    </system-out>
  </testcase> <!-- validateUserName -->
  <system-out>
    <![CDATA[Waiting for1000millisec.
Launching browser
Waiting for2000millisec.
Clicking on HomePageSignInButton 
Waiting for3000millisec.
Reading data from excel0and cell num0
Entering Mobile No.
Waiting for4000millisec.
Signing in with PW
Waiting for4000millisec.
Reading data from excel0and cell num1
Entering Password
Waiting for4000millisec.
Clicking on sign In PW
Waiting for4000millisec.
Clicking on My Account button
Waiting for4000millisec.
Clicking on my profile
Waiting for4000millisec.
Switching on profile page
Waiting for1000millisec.
Test validateUserName execution starting
Reading data from excel0and cell num2
Waiting for3000millisec.
Getting actual username
Waiting for4000millisec.
Screenshot is stored in location :C:\Users\Narayan\eclipse-workspace\MavenProject\Screenshot\Neha Narayan Sawant PB_TC100.png
Waiting for3000millisec.
This validateUserName method is successfull
Waiting for2000millisec.
Clicking on logout
Closing browser]]>
  </system-out>
</testsuite> <!-- test.ValidatePolicyUserName -->
